<?xml version="1.0" encoding="UTF-8" ?>

<testsuite failures="0" time="0.233" errors="0" skipped="0" tests="2" name="BasicTest">
  <testcase classname="BasicTest" name="testProducte" time="0.226">
      </testcase>
  <testcase classname="BasicTest" name="testClient" time="0.007">
      </testcase>
</testsuite>